Vivado Simulator 2019.2
Copyright 1986-1999, 2001-2019 Xilinx, Inc. All Rights Reserved.
Running: C:/Xilinx/Vivado/2019.2/bin/unwrapped/win64.o/xelab.exe -wto 35fd5825c21945b88402daa3c1041e9f --incr --debug typical --relax --mt 2 -L blk_mem_gen_v8_4_4 -L xil_defaultlib -L unisims_ver -L unimacro_ver -L secureip -L xpm --snapshot tb_top_behav xil_defaultlib.tb_top xil_defaultlib.glbl -log elaborate.log 
Using 2 slave threads.
Starting static elaboration
Pass Through NonSizing Optimizer
WARNING: [VRFC 10-3091] actual bit length 2 differs from formal bit length 4 for port 'dbus_rdwr_be' [D:/projects/arduissimo/release/v0.1/dut/quad.v:105]
WARNING: [VRFC 10-3091] actual bit length 32 differs from formal bit length 31 for port 'gpio_command' [D:/projects/arduissimo/release/v0.1/dut/quad.v:122]
WARNING: [VRFC 10-3091] actual bit length 32 differs from formal bit length 16 for port 'dinb' [D:/projects/arduissimo/release/v0.1/dut/core_D16.v:634]
WARNING: [VRFC 10-3091] actual bit length 32 differs from formal bit length 16 for port 'dinb' [D:/projects/arduissimo/release/v0.1/dut/core_D16.v:645]
WARNING: [VRFC 10-3091] actual bit length 10 differs from formal bit length 9 for port 'addra' [D:/projects/arduissimo/release/v0.1/dut/core_D16.v:761]
WARNING: [VRFC 10-3091] actual bit length 10 differs from formal bit length 9 for port 'addrb' [D:/projects/arduissimo/release/v0.1/dut/core_D16.v:764]
WARNING: [VRFC 10-3091] actual bit length 10 differs from formal bit length 9 for port 'addra' [D:/projects/arduissimo/release/v0.1/dut/core_D16.v:769]
WARNING: [VRFC 10-3091] actual bit length 10 differs from formal bit length 9 for port 'addrb' [D:/projects/arduissimo/release/v0.1/dut/core_D16.v:772]
WARNING: [VRFC 10-3091] actual bit length 5 differs from formal bit length 6 for port 'thread_pipe_valid' [D:/projects/arduissimo/release/v0.1/dut/core_D16.v:826]
WARNING: [VRFC 10-3091] actual bit length 2 differs from formal bit length 4 for port 'dbus_rdwr_be' [D:/projects/arduissimo/release/v0.1/dut/quad.v:140]
WARNING: [VRFC 10-3091] actual bit length 32 differs from formal bit length 31 for port 'gpio_command' [D:/projects/arduissimo/release/v0.1/dut/quad.v:157]
WARNING: [VRFC 10-3091] actual bit length 2 differs from formal bit length 4 for port 'dbus_rdwr_be' [D:/projects/arduissimo/release/v0.1/dut/quad.v:175]
WARNING: [VRFC 10-3091] actual bit length 32 differs from formal bit length 31 for port 'gpio_command' [D:/projects/arduissimo/release/v0.1/dut/quad.v:192]
WARNING: [VRFC 10-3091] actual bit length 2 differs from formal bit length 4 for port 'dbus_rdwr_be' [D:/projects/arduissimo/release/v0.1/dut/quad.v:210]
WARNING: [VRFC 10-3091] actual bit length 32 differs from formal bit length 31 for port 'gpio_command' [D:/projects/arduissimo/release/v0.1/dut/quad.v:227]
Completed static elaboration
Starting simulation data flow analysis
Completed simulation data flow analysis
Time Resolution for simulation is 1ps
Compiling module xil_defaultlib.gpio
Compiling module xil_defaultlib.mp
Compiling module blk_mem_gen_v8_4_4.blk_mem_gen_v8_4_4_output_stage(...
Compiling module blk_mem_gen_v8_4_4.blk_mem_gen_v8_4_4_softecc_outpu...
Compiling module blk_mem_gen_v8_4_4.blk_mem_gen_v8_4_4_mem_module(C_...
Compiling module blk_mem_gen_v8_4_4.blk_mem_axi_regs_fwd_v8_4(C_DATA...
Compiling module blk_mem_gen_v8_4_4.blk_mem_gen_v8_4_4(C_FAMILY="art...
Compiling module xil_defaultlib.tdp_ram_512x33
Compiling module xil_defaultlib.ca
Compiling module blk_mem_gen_v8_4_4.blk_mem_gen_v8_4_4_output_stage(...
Compiling module blk_mem_gen_v8_4_4.blk_mem_gen_v8_4_4_softecc_outpu...
Compiling module blk_mem_gen_v8_4_4.blk_mem_gen_v8_4_4_mem_module(C_...
Compiling module blk_mem_gen_v8_4_4.blk_mem_gen_v8_4_4(C_FAMILY="art...
Compiling module xil_defaultlib.tdp_ram_6144x16x2
Compiling module blk_mem_gen_v8_4_4.blk_mem_gen_v8_4_4_output_stage(...
Compiling module blk_mem_gen_v8_4_4.blk_mem_gen_v8_4_4_softecc_outpu...
Compiling module blk_mem_gen_v8_4_4.blk_mem_gen_v8_4_4_mem_module(C_...
Compiling module blk_mem_gen_v8_4_4.blk_mem_gen_v8_4_4(C_FAMILY="art...
Compiling module xil_defaultlib.sdp_ram_512x32x4
Compiling module blk_mem_gen_v8_4_4.blk_mem_gen_v8_4_4_mem_module(C_...
Compiling module blk_mem_gen_v8_4_4.blk_mem_gen_v8_4_4(C_FAMILY="art...
Compiling module xil_defaultlib.tdp_ram_512x32
Compiling module xil_defaultlib.RF_D16
Compiling module blk_mem_gen_v8_4_4.blk_mem_gen_v8_4_4_output_stage(...
Compiling module blk_mem_gen_v8_4_4.blk_mem_gen_v8_4_4_softecc_outpu...
Compiling module blk_mem_gen_v8_4_4.blk_mem_gen_v8_4_4_mem_module(C_...
Compiling module blk_mem_gen_v8_4_4.blk_mem_gen_v8_4_4(C_FAMILY="art...
Compiling module xil_defaultlib.sdp_ram_16x32
Compiling module xil_defaultlib.Reg_D16
Compiling module xil_defaultlib.CUBEV_RV32iMC_P3C4D16
Compiling module xil_defaultlib.core_D16
Compiling module xil_defaultlib.quad
Compiling module xil_defaultlib.uart
Compiling module xil_defaultlib.fpga_func
Compiling module xil_defaultlib.tb_top
Compiling module xil_defaultlib.glbl
Built simulation snapshot tb_top_behav
